Build started 24-06-2016 07:44:38 AM.
     1>Project "C:\Users\RASHMI\Documents\Visual Studio 2015\Projects\Assignments\Assignment_06\Assignment_06.vcxproj" on node 2 (Build target(s)).
     1>ClCompile:
         C:\Program Files (x86)\Microsoft Visual Studio 14.0\VC\bin\CL.exe /c /ZI /nologo /W3 /WX- /sdl /Od /Oy- /D WIN32 /D _DEBUG /D _CONSOLE /D _UNICODE /D UNICODE /Gm /EHsc /RTC1 /MDd /GS /fp:precise /Zc:wchar_t /Zc:forScope /Zc:inline /Fo"Debug\\" /Fd"Debug\vc140.pdb" /Gd /TP /analyze- /errorReport:prompt Source.cpp
         Source.cpp
     1>c:\users\rashmi\documents\visual studio 2015\projects\assignments\assignment_06\source.cpp(321): warning C4018: '<': signed/unsigned mismatch
     1>c:\users\rashmi\documents\visual studio 2015\projects\assignments\assignment_06\source.cpp(447): warning C4018: '<': signed/unsigned mismatch
     1>c:\users\rashmi\documents\visual studio 2015\projects\assignments\assignment_06\source.cpp(448): warning C4018: '<': signed/unsigned mismatch
     1>c:\users\rashmi\documents\visual studio 2015\projects\assignments\assignment_06\source.cpp(491): warning C4018: '<': signed/unsigned mismatch
     1>c:\users\rashmi\documents\visual studio 2015\projects\assignments\assignment_06\source.cpp(492): warning C4018: '<': signed/unsigned mismatch
     1>c:\users\rashmi\documents\visual studio 2015\projects\assignments\assignment_06\source.cpp(510): warning C4018: '<': signed/unsigned mismatch
     1>c:\users\rashmi\documents\visual studio 2015\projects\assignments\assignment_06\source.cpp(515): warning C4018: '<': signed/unsigned mismatch
     1>c:\users\rashmi\documents\visual studio 2015\projects\assignments\assignment_06\source.cpp(607): warning C4018: '<': signed/unsigned mismatch
     1>c:\users\rashmi\documents\visual studio 2015\projects\assignments\assignment_06\source.cpp(620): warning C4018: '<': signed/unsigned mismatch
     1>c:\users\rashmi\documents\visual studio 2015\projects\assignments\assignment_06\source.cpp(645): warning C4018: '<': signed/unsigned mismatch
     1>c:\users\rashmi\documents\visual studio 2015\projects\assignments\assignment_06\source.cpp(659): warning C4018: '<': signed/unsigned mismatch
       Link:
         C:\Program Files (x86)\Microsoft Visual Studio 14.0\VC\bin\link.exe /ERRORREPORT:PROMPT /OUT:"C:\Users\RASHMI\Documents\Visual Studio 2015\Projects\Assignments\Assignment_06\Debug\Assignment_06.exe" /INCREMENTAL /NOLOGO kernel32.lib user32.lib gdi32.lib winspool.lib comdlg32.lib advapi32.lib shell32.lib ole32.lib oleaut32.lib uuid.lib odbc32.lib odbccp32.lib /MANIFEST /MANIFESTUAC:"level='asInvoker' uiAccess='false'" /manifest:embed /Debug /PDB:"C:\Users\RASHMI\Documents\Visual Studio 2015\Projects\Assignments\Assignment_06\Debug\Assignment_06.pdb" /SUBSYSTEM:CONSOLE /TLBID:1 /DYNAMICBASE /NXCOMPAT /IMPLIB:"C:\Users\RASHMI\Documents\Visual Studio 2015\Projects\Assignments\Assignment_06\Debug\Assignment_06.lib" /MACHINE:X86 Debug\Source.obj
         Assignment_06.vcxproj -> C:\Users\RASHMI\Documents\Visual Studio 2015\Projects\Assignments\Assignment_06\Debug\Assignment_06.exe
     1>Done Building Project "C:\Users\RASHMI\Documents\Visual Studio 2015\Projects\Assignments\Assignment_06\Assignment_06.vcxproj" (Build target(s)).

Build succeeded.

Time Elapsed 00:00:02.95
